#
# A fatal error has been detected by the Java Runtime Environment:
#
#  EXCEPTION_STACK_OVERFLOW (0xc00000fd) at pc=0x00000000557a3b57, pid=8412, tid=0x0000000000001be8
#
# JRE version: Java(TM) SE Runtime Environment (8.0_121-b13) (build 1.8.0_121-b13)
# Java VM: Java HotSpot(TM) 64-Bit Server VM (25.121-b13 mixed mode windows-amd64 compressed oops)
# Problematic frame:
# V  [jvm.dll+0x213b57]
#
# Failed to write core dump. Minidumps are not enabled by default on client versions of Windows
#
# If you would like to submit a bug report, please visit:
#   http://bugreport.java.com/bugreport/crash.jsp
#

---------------  T H R E A D  ---------------

Current thread (0x000000001cce0000):  JavaThread "JMX server connection timeout 40" daemon [_thread_in_vm, id=7144, stack(0x000000001e770000,0x000000001e870000)]

siginfo: ExceptionCode=0xc00000fd, ExceptionInformation=0x0000000000000001 0x000000001e86d150 

Registers:
RAX=0x000000001e86d150, RBX=0x0000000000000003, RCX=0x0000000000002000, RDX=0x0000000000000006
RSP=0x000000001e86f150, RBP=0x0000000000000000, RSI=0x000000001e86f150, RDI=0x0000000000000003
R8 =0x0000000000000006, R9 =0x000000001ccf2160, R10=0x0000000016e0d4b8, R11=0x000000001e77a148
R12=0x000000001ccf2160, R13=0x000000001cce0000, R14=0x000000001e86f218, R15=0x0000000016e0d4b8
RIP=0x00000000557a3b57, EFLAGS=0x0000000000010206

Top of Stack: (sp=0x000000001e86f150)
0x000000001e86f150:   0000db8b7db99c39 0000000055e84e7e
0x000000001e86f160:   000000001cce0000 000000001ccf2160
0x000000001e86f170:   00000000ffffffff 00000000557a4a87
0x000000001e86f180:   000000001e86f280 0000000016e0d4b8
0x000000001e86f190:   000000001cce0000 0000000055650923
0x000000001e86f1a0:   000000001e86f1e0 000000001cce0000
0x000000001e86f1b0:   000000001e86f270 000000001cce0000
0x000000001e86f1c0:   0000000016e0d4b8 000000001cce0000
0x000000001e86f1d0:   0000000002cc3200 000000001cce0000
0x000000001e86f1e0:   0000000016e0d4b8 000000001cce0000
0x000000001e86f1f0:   0000000016e0d4b8 000000001cce0000
0x000000001e86f200:   0000000000000001 0000000016e0d4b8
0x000000001e86f210:   000000001cce0000 00000000196cd8f0
0x000000001e86f220:   000000001cce0000 0000000055651e0d
0x000000001e86f230:   000000001e86f538 00000001000069a0
0x000000001e86f240:   00000001000069a0 00007ffb71904e77 

Instructions: (pc=0x00000000557a3b57)
0x00000000557a3b37:   48 89 6c 24 30 33 ed 66 90 e8 2b 3b 08 00 ff c3
0x00000000557a3b47:   48 63 c8 48 8b c6 48 0f af cf 48 ff c7 48 2b c1
0x00000000557a3b57:   89 28 48 63 c3 48 3b 05 75 1b 59 00 7e db 48 8b
0x00000000557a3b67:   6c 24 30 48 8b 5c 24 38 48 8b 74 24 40 48 83 c4 


Register to memory mapping:

RAX=0x000000001e86d150 is pointing into the stack for thread: 0x000000001cce0000
RBX=0x0000000000000003 is an unknown value
RCX=0x0000000000002000 is an unknown value
RDX=0x0000000000000006 is an unknown value
RSP=0x000000001e86f150 is pointing into the stack for thread: 0x000000001cce0000
RBP=0x0000000000000000 is an unknown value
RSI=0x000000001e86f150 is pointing into the stack for thread: 0x000000001cce0000
RDI=0x0000000000000003 is an unknown value
R8 =0x0000000000000006 is an unknown value
R9 =0x000000001ccf2160 is an unknown value
R10={method} {0x0000000016e0d4c0} 'run' '()V' in 'java/lang/Thread'
R11=0x000000001e77a148 is pointing into the stack for thread: 0x000000001cce0000
R12=0x000000001ccf2160 is an unknown value
R13=0x000000001cce0000 is a thread
R14=0x000000001e86f218 is pointing into the stack for thread: 0x000000001cce0000
R15={method} {0x0000000016e0d4c0} 'run' '()V' in 'java/lang/Thread'


Stack: [0x000000001e770000,0x000000001e870000],  sp=0x000000001e86f150,  free space=1020k
Native frames: (J=compiled Java code, j=interpreted, Vv=VM code, C=native code)


---------------  P R O C E S S  ---------------

Java Threads: ( => current thread )
=>0x000000001cce0000 JavaThread "JMX server connection timeout 40" daemon [_thread_in_vm, id=7144, stack(0x000000001e770000,0x000000001e870000)]
  0x000000001ccde000 JavaThread "container-0" [_thread_blocked, id=6196, stack(0x000000001e670000,0x000000001e770000)]
  0x000000001ccdd000 JavaThread "Catalina-utility-2" [_thread_blocked, id=6252, stack(0x000000001e470000,0x000000001e570000)]
  0x000000001cce2800 JavaThread "Catalina-utility-1" [_thread_blocked, id=10212, stack(0x000000001e370000,0x000000001e470000)]
  0x000000001cce1000 JavaThread "spring.cloud.inetutils" daemon [_thread_blocked, id=7648, stack(0x000000001e270000,0x000000001e370000)]
  0x000000001ae83800 JavaThread "Druid-ConnectionPool-Destroy-1512060151" daemon [_thread_blocked, id=7568, stack(0x000000001e170000,0x000000001e270000)]
  0x000000001cc11800 JavaThread "Druid-ConnectionPool-Create-1512060151" daemon [_thread_blocked, id=9440, stack(0x000000001de70000,0x000000001df70000)]
  0x0000000019711800 JavaThread "Abandoned connection cleanup thread" daemon [_thread_blocked, id=14092, stack(0x000000001dd70000,0x000000001de70000)]
  0x000000001ac95800 JavaThread "RMI TCP Connection(3)-10.0.1.8" daemon [_thread_in_native, id=3176, stack(0x000000001a4b0000,0x000000001a5b0000)]
  0x000000001a931800 JavaThread "RMI Scheduler(0)" daemon [_thread_blocked, id=2332, stack(0x000000001baa0000,0x000000001bba0000)]
  0x000000001a925800 JavaThread "RMI TCP Connection(2)-10.0.1.8" daemon [_thread_in_native, id=13640, stack(0x000000001b780000,0x000000001b880000)]
  0x0000000019780000 JavaThread "restartedMain" [_thread_in_vm, id=11440, stack(0x000000001a3b0000,0x000000001a4b0000)]
  0x0000000019779800 JavaThread "Thread-1" [_thread_blocked, id=2868, stack(0x000000001a2b0000,0x000000001a3b0000)]
  0x00000000195bb800 JavaThread "RMI TCP Accept-0" daemon [_thread_in_native, id=13452, stack(0x0000000019e00000,0x0000000019f00000)]
  0x0000000019371000 JavaThread "Service Thread" daemon [_thread_blocked, id=4184, stack(0x0000000019ce0000,0x0000000019de0000)]
  0x0000000019366000 JavaThread "C1 CompilerThread2" daemon [_thread_blocked, id=13648, stack(0x0000000019be0000,0x0000000019ce0000)]
  0x00000000192f6000 JavaThread "C2 CompilerThread1" daemon [_thread_blocked, id=8892, stack(0x0000000019ae0000,0x0000000019be0000)]
  0x00000000192f2800 JavaThread "C2 CompilerThread0" daemon [_thread_blocked, id=5168, stack(0x00000000199e0000,0x0000000019ae0000)]
  0x00000000192f0000 JavaThread "Monitor Ctrl-Break" daemon [_thread_in_native, id=7056, stack(0x00000000198e0000,0x00000000199e0000)]
  0x0000000018b23800 JavaThread "Attach Listener" daemon [_thread_blocked, id=4288, stack(0x0000000018fe0000,0x00000000190e0000)]
  0x0000000017796000 JavaThread "Signal Dispatcher" daemon [_thread_blocked, id=14096, stack(0x0000000018ee0000,0x0000000018fe0000)]
  0x0000000017770000 JavaThread "Finalizer" daemon [_thread_blocked, id=376, stack(0x00000000189e0000,0x0000000018ae0000)]
  0x0000000017748800 JavaThread "Reference Handler" daemon [_thread_blocked, id=3156, stack(0x00000000188e0000,0x00000000189e0000)]
  0x0000000002ab2800 JavaThread "main" [_thread_blocked, id=7636, stack(0x00000000028d0000,0x00000000029d0000)]

Other Threads:
  0x0000000017747800 VMThread [stack: 0x00000000187e0000,0x00000000188e0000] [id=9800]
  0x00000000195cd800 WatcherThread [stack: 0x0000000019f00000,0x000000001a000000] [id=7132]

VM state:not at safepoint (normal execution)

VM Mutex/Monitor currently owned by a thread: None

Heap:
 PSYoungGen      total 215040K, used 55353K [0x00000000d6100000, 0x00000000e7780000, 0x0000000100000000)
  eden space 200704K, 27% used [0x00000000d6100000,0x00000000d970e750,0x00000000e2500000)
  from space 14336K, 0% used [0x00000000e6980000,0x00000000e6980000,0x00000000e7780000)
  to   space 11264K, 0% used [0x00000000e2500000,0x00000000e2500000,0x00000000e3000000)
 ParOldGen       total 56832K, used 18775K [0x0000000082200000, 0x0000000085980000, 0x00000000d6100000)
  object space 56832K, 33% used [0x0000000082200000,0x0000000083455f30,0x0000000085980000)
 Metaspace       used 36600K, capacity 38620K, committed 38784K, reserved 1083392K
  class space    used 5020K, capacity 5430K, committed 5504K, reserved 1048576K

Card table byte_map: [0x0000000012070000,0x0000000012460000] byte_map_base: 0x0000000011c5f000

Marking Bits: (ParMarkBitMap*) 0x0000000055dab6d0
 Begin Bits: [0x0000000012b00000, 0x0000000014a78000)
 End Bits:   [0x0000000014a78000, 0x00000000169f0000)

Polling page: 0x00000000008a0000

CodeCache: size=245760Kb used=7469Kb max_used=7469Kb free=238290Kb
 bounds [0x0000000002cb0000, 0x0000000003400000, 0x0000000011cb0000]
 total_blobs=4255 nmethods=3803 adapters=364
 compilation: enabled

Compilation events (10 events):
Event: 6.773 Thread 0x0000000019366000 3797       1       org.springframework.cglib.core.CodeEmitter::skipArgs (32 bytes)
Event: 6.773 Thread 0x0000000019366000 nmethod 3797 0x00000000033f8cd0 code [0x00000000033f8e40, 0x00000000033f9008]
Event: 6.773 Thread 0x0000000019366000 3798       1       org.springframework.asm.Type::equals (147 bytes)
Event: 6.774 Thread 0x0000000019366000 nmethod 3798 0x00000000033f9190 code [0x00000000033f9320, 0x00000000033f9718]
Event: 7.156 Thread 0x0000000019366000 3799       1       java.io.Bits::getLong (105 bytes)
Event: 7.157 Thread 0x0000000019366000 nmethod 3799 0x00000000033f9d50 code [0x00000000033f9ec0, 0x00000000033fa150]
Event: 7.157 Thread 0x0000000019366000 3801       1       java.io.ObjectInputStream$HandleTable::finish (111 bytes)
Event: 7.158 Thread 0x0000000019366000 nmethod 3801 0x00000000033fa2d0 code [0x00000000033fa440, 0x00000000033fa6e8]
Event: 7.158 Thread 0x0000000019366000 3800       1       java.io.ObjectInputStream$HandleTable::assign (48 bytes)
Event: 7.158 Thread 0x0000000019366000 nmethod 3800 0x00000000033fa8d0 code [0x00000000033faa40, 0x00000000033fac68]

GC Heap History (10 events):
Event: 4.678 GC heap before
{Heap before GC invocations=9 (full 1):
 PSYoungGen      total 140800K, used 138679K [0x00000000d6100000, 0x00000000e3b00000, 0x0000000100000000)
  eden space 131072K, 100% used [0x00000000d6100000,0x00000000de100000,0x00000000de100000)
  from space 9728K, 78% used [0x00000000de100000,0x00000000de86de10,0x00000000dea80000)
  to   space 9728K, 0% used [0x00000000e3180000,0x00000000e3180000,0x00000000e3b00000)
 ParOldGen       total 56832K, used 6360K [0x0000000082200000, 0x0000000085980000, 0x00000000d6100000)
  object space 56832K, 11% used [0x0000000082200000,0x0000000082836218,0x0000000085980000)
 Metaspace       used 28339K, capacity 29534K, committed 29824K, reserved 1075200K
  class space    used 3941K, capacity 4205K, committed 4224K, reserved 1048576K
Event: 4.692 GC heap after
Heap after GC invocations=9 (full 1):
 PSYoungGen      total 208896K, used 9702K [0x00000000d6100000, 0x00000000e3b00000, 0x0000000100000000)
  eden space 199168K, 0% used [0x00000000d6100000,0x00000000d6100000,0x00000000e2380000)
  from space 9728K, 99% used [0x00000000e3180000,0x00000000e3af9960,0x00000000e3b00000)
  to   space 11264K, 0% used [0x00000000e2500000,0x00000000e2500000,0x00000000e3000000)
 ParOldGen       total 56832K, used 7027K [0x0000000082200000, 0x0000000085980000, 0x00000000d6100000)
  object space 56832K, 12% used [0x0000000082200000,0x00000000828dcee0,0x0000000085980000)
 Metaspace       used 28339K, capacity 29534K, committed 29824K, reserved 1075200K
  class space    used 3941K, capacity 4205K, committed 4224K, reserved 1048576K
}
Event: 5.971 GC heap before
{Heap before GC invocations=10 (full 1):
 PSYoungGen      total 208896K, used 151965K [0x00000000d6100000, 0x00000000e3b00000, 0x0000000100000000)
  eden space 199168K, 71% used [0x00000000d6100000,0x00000000debedac8,0x00000000e2380000)
  from space 9728K, 99% used [0x00000000e3180000,0x00000000e3af9960,0x00000000e3b00000)
  to   space 11264K, 0% used [0x00000000e2500000,0x00000000e2500000,0x00000000e3000000)
 ParOldGen       total 56832K, used 7027K [0x0000000082200000, 0x0000000085980000, 0x00000000d6100000)
  object space 56832K, 12% used [0x0000000082200000,0x00000000828dcee0,0x0000000085980000)
 Metaspace       used 33550K, capacity 35356K, committed 35456K, reserved 1079296K
  class space    used 4593K, capacity 4923K, committed 4992K, reserved 1048576K
Event: 5.984 GC heap after
Heap after GC invocations=10 (full 1):
 PSYoungGen      total 211968K, used 11232K [0x00000000d6100000, 0x00000000e7780000, 0x0000000100000000)
  eden space 200704K, 0% used [0x00000000d6100000,0x00000000d6100000,0x00000000e2500000)
  from space 11264K, 99% used [0x00000000e2500000,0x00000000e2ff8238,0x00000000e3000000)
  to   space 14336K, 0% used [0x00000000e6980000,0x00000000e6980000,0x00000000e7780000)
 ParOldGen       total 56832K, used 11410K [0x0000000082200000, 0x0000000085980000, 0x00000000d6100000)
  object space 56832K, 20% used [0x0000000082200000,0x0000000082d24b58,0x0000000085980000)
 Metaspace       used 33550K, capacity 35356K, committed 35456K, reserved 1079296K
  class space    used 4593K, capacity 4923K, committed 4992K, reserved 1048576K
}
Event: 5.984 GC heap before
{Heap before GC invocations=11 (full 2):
 PSYoungGen      total 211968K, used 11232K [0x00000000d6100000, 0x00000000e7780000, 0x0000000100000000)
  eden space 200704K, 0% used [0x00000000d6100000,0x00000000d6100000,0x00000000e2500000)
  from space 11264K, 99% used [0x00000000e2500000,0x00000000e2ff8238,0x00000000e3000000)
  to   space 14336K, 0% used [0x00000000e6980000,0x00000000e6980000,0x00000000e7780000)
 ParOldGen       total 56832K, used 11410K [0x0000000082200000, 0x0000000085980000, 0x00000000d6100000)
  object space 56832K, 20% used [0x0000000082200000,0x0000000082d24b58,0x0000000085980000)
 Metaspace       used 33550K, capacity 35356K, committed 35456K, reserved 1079296K
  class space    used 4593K, capacity 4923K, committed 4992K, reserved 1048576K
Event: 6.043 GC heap after
Heap after GC invocations=11 (full 2):
 PSYoungGen      total 211968K, used 0K [0x00000000d6100000, 0x00000000e7780000, 0x0000000100000000)
  eden space 200704K, 0% used [0x00000000d6100000,0x00000000d6100000,0x00000000e2500000)
  from space 11264K, 0% used [0x00000000e2500000,0x00000000e2500000,0x00000000e3000000)
  to   space 14336K, 0% used [0x00000000e6980000,0x00000000e6980000,0x00000000e7780000)
 ParOldGen       total 56832K, used 20474K [0x0000000082200000, 0x0000000085980000, 0x00000000d6100000)
  object space 56832K, 36% used [0x0000000082200000,0x00000000835febe8,0x0000000085980000)
 Metaspace       used 33550K, capacity 35356K, committed 35456K, reserved 1079296K
  class space    used 4593K, capacity 4923K, committed 4992K, reserved 1048576K
}
Event: 6.258 GC heap before
{Heap before GC invocations=12 (full 2):
 PSYoungGen      total 211968K, used 30404K [0x00000000d6100000, 0x00000000e7780000, 0x0000000100000000)
  eden space 200704K, 15% used [0x00000000d6100000,0x00000000d7eb1058,0x00000000e2500000)
  from space 11264K, 0% used [0x00000000e2500000,0x00000000e2500000,0x00000000e3000000)
  to   space 14336K, 0% used [0x00000000e6980000,0x00000000e6980000,0x00000000e7780000)
 ParOldGen       total 56832K, used 20474K [0x0000000082200000, 0x0000000085980000, 0x00000000d6100000)
  object space 56832K, 36% used [0x0000000082200000,0x00000000835febe8,0x0000000085980000)
 Metaspace       used 34641K, capacity 36554K, committed 36608K, reserved 1085440K
  class space    used 4752K, capacity 5114K, committed 5120K, reserved 1048576K
Event: 6.261 GC heap after
Heap after GC invocations=12 (full 2):
 PSYoungGen      total 215040K, used 2041K [0x00000000d6100000, 0x00000000e7780000, 0x0000000100000000)
  eden space 200704K, 0% used [0x00000000d6100000,0x00000000d6100000,0x00000000e2500000)
  from space 14336K, 14% used [0x00000000e6980000,0x00000000e6b7e4e8,0x00000000e7780000)
  to   space 11264K, 0% used [0x00000000e2500000,0x00000000e2500000,0x00000000e3000000)
 ParOldGen       total 56832K, used 20482K [0x0000000082200000, 0x0000000085980000, 0x00000000d6100000)
  object space 56832K, 36% used [0x0000000082200000,0x0000000083600be8,0x0000000085980000)
 Metaspace       used 34641K, capacity 36554K, committed 36608K, reserved 1085440K
  class space    used 4752K, capacity 5114K, committed 5120K, reserved 1048576K
}
Event: 6.262 GC heap before
{Heap before GC invocations=13 (full 3):
 PSYoungGen      total 215040K, used 2041K [0x00000000d6100000, 0x00000000e7780000, 0x0000000100000000)
  eden space 200704K, 0% used [0x00000000d6100000,0x00000000d6100000,0x00000000e2500000)
  from space 14336K, 14% used [0x00000000e6980000,0x00000000e6b7e4e8,0x00000000e7780000)
  to   space 11264K, 0% used [0x00000000e2500000,0x00000000e2500000,0x00000000e3000000)
 ParOldGen       total 56832K, used 20482K [0x0000000082200000, 0x0000000085980000, 0x00000000d6100000)
  object space 56832K, 36% used [0x0000000082200000,0x0000000083600be8,0x0000000085980000)
 Metaspace       used 34641K, capacity 36554K, committed 36608K, reserved 1085440K
  class space    used 4752K, capacity 5114K, committed 5120K, reserved 1048576K
Event: 6.330 GC heap after
Heap after GC invocations=13 (full 3):
 PSYoungGen      total 215040K, used 0K [0x00000000d6100000, 0x00000000e7780000, 0x0000000100000000)
  eden space 200704K, 0% used [0x00000000d6100000,0x00000000d6100000,0x00000000e2500000)
  from space 14336K, 0% used [0x00000000e6980000,0x00000000e6980000,0x00000000e7780000)
  to   space 11264K, 0% used [0x00000000e2500000,0x00000000e2500000,0x00000000e3000000)
 ParOldGen       total 56832K, used 18775K [0x0000000082200000, 0x0000000085980000, 0x00000000d6100000)
  object space 56832K, 33% used [0x0000000082200000,0x0000000083455f30,0x0000000085980000)
 Metaspace       used 34641K, capacity 36554K, committed 36608K, reserved 1083392K
  class space    used 4752K, capacity 5114K, committed 5120K, reserved 1048576K
}

Deoptimization events (0 events):
No events

Internal exceptions (10 events):
Event: 6.820 Thread 0x0000000019780000 Exception <a 'java/lang/ArrayIndexOutOfBoundsException'> (0x00000000d91a6dd0) thrown at [C:\re\workspace\8-2-build-windows-amd64-cygwin\jdk8u121\8372\hotspot\src\share\vm\runtime\sharedRuntime.cpp, line 605]
Event: 6.820 Thread 0x0000000019780000 Exception <a 'java/lang/ArrayIndexOutOfBoundsException'> (0x00000000d91b93f0) thrown at [C:\re\workspace\8-2-build-windows-amd64-cygwin\jdk8u121\8372\hotspot\src\share\vm\runtime\sharedRuntime.cpp, line 605]
Event: 6.821 Thread 0x0000000019780000 Exception <a 'java/lang/ArrayIndexOutOfBoundsException'> (0x00000000d91cca78) thrown at [C:\re\workspace\8-2-build-windows-amd64-cygwin\jdk8u121\8372\hotspot\src\share\vm\runtime\sharedRuntime.cpp, line 605]
Event: 6.821 Thread 0x0000000019780000 Exception <a 'java/lang/ArrayIndexOutOfBoundsException'> (0x00000000d91df348) thrown at [C:\re\workspace\8-2-build-windows-amd64-cygwin\jdk8u121\8372\hotspot\src\share\vm\runtime\sharedRuntime.cpp, line 605]
Event: 6.822 Thread 0x0000000019780000 Exception <a 'java/lang/ArrayIndexOutOfBoundsException'> (0x00000000d91f25b0) thrown at [C:\re\workspace\8-2-build-windows-amd64-cygwin\jdk8u121\8372\hotspot\src\share\vm\runtime\sharedRuntime.cpp, line 605]
Event: 6.823 Thread 0x0000000019780000 Exception <a 'java/lang/ArrayIndexOutOfBoundsException'> (0x00000000d9203850) thrown at [C:\re\workspace\8-2-build-windows-amd64-cygwin\jdk8u121\8372\hotspot\src\share\vm\runtime\sharedRuntime.cpp, line 605]
Event: 6.823 Thread 0x0000000019780000 Exception <a 'java/lang/ArrayIndexOutOfBoundsException'> (0x00000000d9214668) thrown at [C:\re\workspace\8-2-build-windows-amd64-cygwin\jdk8u121\8372\hotspot\src\share\vm\runtime\sharedRuntime.cpp, line 605]
Event: 6.824 Thread 0x0000000019780000 Exception <a 'java/lang/ArrayIndexOutOfBoundsException'> (0x00000000d9226b98) thrown at [C:\re\workspace\8-2-build-windows-amd64-cygwin\jdk8u121\8372\hotspot\src\share\vm\runtime\sharedRuntime.cpp, line 605]
Event: 6.824 Thread 0x0000000019780000 Exception <a 'java/lang/ArrayIndexOutOfBoundsException'> (0x00000000d9239ad0) thrown at [C:\re\workspace\8-2-build-windows-amd64-cygwin\jdk8u121\8372\hotspot\src\share\vm\runtime\sharedRuntime.cpp, line 605]
Event: 6.825 Thread 0x0000000019780000 Exception <a 'java/lang/ArrayIndexOutOfBoundsException'> (0x00000000d924b4a8) thrown at [C:\re\workspace\8-2-build-windows-amd64-cygwin\jdk8u121\8372\hotspot\src\share\vm\runtime\sharedRuntime.cpp, line 605]

Events (10 events):
Event: 7.264 loading class org/apache/ibatis/logging/stdout/StdOutImpl
Event: 7.264 loading class org/apache/ibatis/logging/stdout/StdOutImpl done
Event: 7.265 loading class org/apache/ibatis/logging/nologging/NoLoggingImpl
Event: 7.265 loading class org/apache/ibatis/logging/nologging/NoLoggingImpl done
Event: 7.266 loading class org/apache/ibatis/executor/loader/cglib/CglibProxyFactory
Event: 7.266 loading class org/apache/ibatis/executor/loader/cglib/CglibProxyFactory done
Event: 7.272 loading class org/apache/ibatis/io/JBoss6VFS
Event: 7.272 loading class org/apache/ibatis/io/JBoss6VFS done
Event: 7.273 loading class org/apache/ibatis/io/DefaultVFS
Event: 7.273 loading class org/apache/ibatis/io/DefaultVFS done


Dynamic libraries:
0x00007ff756c10000 - 0x00007ff756c47000 	C:\Program Files\Java\jdk1.8.0_121\bin\java.exe
0x00007ffb718e0000 - 0x00007ffb71ad0000 	C:\WINDOWS\SYSTEM32\ntdll.dll
0x00007ffb70650000 - 0x00007ffb70702000 	C:\WINDOWS\System32\KERNEL32.DLL
0x00007ffb6ea50000 - 0x00007ffb6ecf4000 	C:\WINDOWS\System32\KERNELBASE.dll
0x00007ffb70950000 - 0x00007ffb709f3000 	C:\WINDOWS\System32\ADVAPI32.dll
0x00007ffb6fc60000 - 0x00007ffb6fcfe000 	C:\WINDOWS\System32\msvcrt.dll
0x00007ffb701f0000 - 0x00007ffb70287000 	C:\WINDOWS\System32\sechost.dll
0x00007ffb70530000 - 0x00007ffb70650000 	C:\WINDOWS\System32\RPCRT4.dll
0x00007ffb70740000 - 0x00007ffb708d5000 	C:\WINDOWS\System32\USER32.dll
0x00007ffb6f690000 - 0x00007ffb6f6b1000 	C:\WINDOWS\System32\win32u.dll
0x00007ffb70290000 - 0x00007ffb702b6000 	C:\WINDOWS\System32\GDI32.dll
0x00007ffb6f7f0000 - 0x00007ffb6f986000 	C:\WINDOWS\System32\gdi32full.dll
0x00007ffb6e9b0000 - 0x00007ffb6ea4e000 	C:\WINDOWS\System32\msvcp_win.dll
0x00007ffb6f6c0000 - 0x00007ffb6f7ba000 	C:\WINDOWS\System32\ucrtbase.dll
0x00007ffb5c820000 - 0x00007ffb5caa4000 	C:\WINDOWS\WinSxS\amd64_microsoft.windows.common-controls_6595b64144ccf1df_6.0.18362.1016_none_9e7a36bbe461dae4\COMCTL32.dll
0x00007ffb70a00000 - 0x00007ffb70d35000 	C:\WINDOWS\System32\combase.dll
0x00007ffb6e930000 - 0x00007ffb6e9b0000 	C:\WINDOWS\System32\bcryptPrimitives.dll
0x00007ffb70710000 - 0x00007ffb7073e000 	C:\WINDOWS\System32\IMM32.DLL
0x0000000055e30000 - 0x0000000055f02000 	C:\Program Files\Java\jdk1.8.0_121\jre\bin\msvcr100.dll
0x0000000055590000 - 0x0000000055e2b000 	C:\Program Files\Java\jdk1.8.0_121\jre\bin\server\jvm.dll
0x00007ffb70340000 - 0x00007ffb70348000 	C:\WINDOWS\System32\PSAPI.DLL
0x00007ffb58300000 - 0x00007ffb58309000 	C:\WINDOWS\SYSTEM32\WSOCK32.dll
0x00007ffb708e0000 - 0x00007ffb7094f000 	C:\WINDOWS\System32\WS2_32.dll
0x00007ffb6c8d0000 - 0x00007ffb6c8f4000 	C:\WINDOWS\SYSTEM32\WINMM.dll
0x00007ffb69e10000 - 0x00007ffb69e1a000 	C:\WINDOWS\SYSTEM32\VERSION.dll
0x00007ffb6c770000 - 0x00007ffb6c79d000 	C:\WINDOWS\SYSTEM32\WINMMBASE.dll
0x00007ffb6e880000 - 0x00007ffb6e8ca000 	C:\WINDOWS\System32\cfgmgr32.dll
0x0000000055580000 - 0x000000005558f000 	C:\Program Files\Java\jdk1.8.0_121\jre\bin\verify.dll
0x0000000055550000 - 0x0000000055579000 	C:\Program Files\Java\jdk1.8.0_121\jre\bin\java.dll
0x0000000055500000 - 0x0000000055523000 	C:\Program Files\Java\jdk1.8.0_121\jre\bin\instrument.dll
0x0000000055530000 - 0x0000000055546000 	C:\Program Files\Java\jdk1.8.0_121\jre\bin\zip.dll
0x00007ffb711b0000 - 0x00007ffb71897000 	C:\WINDOWS\System32\SHELL32.dll
0x00007ffb6fbb0000 - 0x00007ffb6fc59000 	C:\WINDOWS\System32\shcore.dll
0x00007ffb6ee50000 - 0x00007ffb6f5d2000 	C:\WINDOWS\System32\windows.storage.dll
0x00007ffb6e830000 - 0x00007ffb6e853000 	C:\WINDOWS\System32\profapi.dll
0x00007ffb6e7c0000 - 0x00007ffb6e80a000 	C:\WINDOWS\System32\powrprof.dll
0x00007ffb6e790000 - 0x00007ffb6e7a0000 	C:\WINDOWS\System32\UMPDC.dll
0x00007ffb6fd00000 - 0x00007ffb6fd52000 	C:\WINDOWS\System32\shlwapi.dll
0x00007ffb6e810000 - 0x00007ffb6e821000 	C:\WINDOWS\System32\kernel.appcore.dll
0x00007ffb6e860000 - 0x00007ffb6e877000 	C:\WINDOWS\System32\cryptsp.dll
0x00007ffb66980000 - 0x00007ffb6699a000 	D:\IDEA_ultimate\IntelliJ IDEA 2019.2.4\bin\breakgen64.dll
0x00000000554e0000 - 0x00000000554fa000 	C:\Program Files\Java\jdk1.8.0_121\jre\bin\net.dll
0x00007ffb6df90000 - 0x00007ffb6dff7000 	C:\WINDOWS\system32\mswsock.dll
0x00007ffb6dce0000 - 0x00007ffb6ddab000 	C:\WINDOWS\SYSTEM32\DNSAPI.dll
0x00007ffb70350000 - 0x00007ffb70358000 	C:\WINDOWS\System32\NSI.dll
0x00007ffb6dca0000 - 0x00007ffb6dcda000 	C:\WINDOWS\SYSTEM32\IPHLPAPI.DLL
0x00007ffb67350000 - 0x00007ffb6735a000 	C:\Windows\System32\rasadhlp.dll
0x00007ffb66b80000 - 0x00007ffb66bf7000 	C:\WINDOWS\System32\fwpuclnt.dll
0x00007ffb6f7c0000 - 0x00007ffb6f7e6000 	C:\WINDOWS\System32\bcrypt.dll
0x00000000554d0000 - 0x00000000554dd000 	C:\Program Files\Java\jdk1.8.0_121\jre\bin\management.dll
0x00000000554b0000 - 0x00000000554c1000 	C:\Program Files\Java\jdk1.8.0_121\jre\bin\nio.dll
0x00007ffb6db00000 - 0x00007ffb6db33000 	C:\WINDOWS\system32\rsaenh.dll
0x00007ffb6e6b0000 - 0x00007ffb6e6d5000 	C:\WINDOWS\SYSTEM32\USERENV.dll
0x00007ffb6e160000 - 0x00007ffb6e16c000 	C:\WINDOWS\SYSTEM32\CRYPTBASE.dll
0x00007ffb67fb0000 - 0x00007ffb67fc6000 	C:\WINDOWS\SYSTEM32\dhcpcsvc6.DLL
0x00007ffb68860000 - 0x00007ffb6887c000 	C:\WINDOWS\SYSTEM32\dhcpcsvc.DLL
0x00007ffb5c450000 - 0x00007ffb5c466000 	C:\WINDOWS\system32\napinsp.dll
0x00007ffb5c430000 - 0x00007ffb5c44a000 	C:\WINDOWS\system32\pnrpnsp.dll
0x00007ffb5c420000 - 0x00007ffb5c42e000 	C:\WINDOWS\System32\winrnr.dll
0x00007ffb6afc0000 - 0x00007ffb6afdc000 	C:\WINDOWS\system32\NLAapi.dll
0x00007ffb5c400000 - 0x00007ffb5c415000 	C:\WINDOWS\system32\wshbth.dll

VM Arguments:
jvm_args: -XX:TieredStopAtLevel=1 -Xverify:none -Dspring.output.ansi.enabled=always -Dcom.sun.management.jmxremote -Dspring.jmx.enabled=true -Dspring.liveBeansView.mbeanDomain -Dspring.application.admin.enabled=true -javaagent:D:\IDEA_ultimate\IntelliJ IDEA 2019.2.4\lib\idea_rt.jar=57834:D:\IDEA_ultimate\IntelliJ IDEA 2019.2.4\bin -Dfile.encoding=UTF-8 
java_command: com.smj.PaymentApplication8001
java_class_path (initial): C:\Program Files\Java\jdk1.8.0_121\jre\lib\charsets.jar;C:\Program Files\Java\jdk1.8.0_121\jre\lib\deploy.jar;C:\Program Files\Java\jdk1.8.0_121\jre\lib\ext\access-bridge-64.jar;C:\Program Files\Java\jdk1.8.0_121\jre\lib\ext\cldrdata.jar;C:\Program Files\Java\jdk1.8.0_121\jre\lib\ext\dnsns.jar;C:\Program Files\Java\jdk1.8.0_121\jre\lib\ext\jaccess.jar;C:\Program Files\Java\jdk1.8.0_121\jre\lib\ext\jfxrt.jar;C:\Program Files\Java\jdk1.8.0_121\jre\lib\ext\localedata.jar;C:\Program Files\Java\jdk1.8.0_121\jre\lib\ext\nashorn.jar;C:\Program Files\Java\jdk1.8.0_121\jre\lib\ext\sunec.jar;C:\Program Files\Java\jdk1.8.0_121\jre\lib\ext\sunjce_provider.jar;C:\Program Files\Java\jdk1.8.0_121\jre\lib\ext\sunmscapi.jar;C:\Program Files\Java\jdk1.8.0_121\jre\lib\ext\sunpkcs11.jar;C:\Program Files\Java\jdk1.8.0_121\jre\lib\ext\zipfs.jar;C:\Program Files\Java\jdk1.8.0_121\jre\lib\javaws.jar;C:\Program Files\Java\jdk1.8.0_121\jre\lib\jce.jar;C:\Program Files\Java\jdk1.8.0_121\jre\lib\jfr.jar;C:\Program Files\Java\jdk1.8.0_121\jre\lib\jfxswt.jar;C:\Program Files\Java\jdk1.8.0_121\jre\lib\jsse.jar;C:\Program Files\Java\jdk1.8.0_121\jre\lib\management-agent.jar;C:\Program Files\Java\jdk1.8.0_121\jre\lib\plugin.jar;C:\Program Files\Java\jdk1.8.0_121\jre\lib\resources.jar;C:\Program Files\Java\jdk1.8.0_121\jre\lib\rt.jar;C:\Users\Administrator\IdeaProjects\cloud\cloud-provider-payment8001\target\classes;D:\maven\repository\org\springframework\cloud\spring-cloud-starter-netflix-eureka-client\2.2.1.RELEASE\spring-cloud-starter-netflix-eureka-client-2.2.1.RELEASE.jar;D:\maven\repository\org\springframework\cloud\spring-cloud-starter\2.2.1.RELEASE\spring-cloud-starter-2.2.1.RELEASE.jar;D:\maven\repository\org\springframework\cloud\spring-cloud-context\2.2.1.RELEASE\spring-cloud-context-2.2.1.RELEASE.jar;D:\maven\repository\org\springframework\security\spring-security-crypto\5.2.1.RELEASE\spring-security-crypto-5.2.1.RELEASE.jar;D:\maven\repository\org\springfram
Launcher Type: SUN_STANDARD

Environment Variables:
JAVA_HOME=C:\Program Files\Java\jdk1.8.0_121
CLASSPATH=C:\Program Files\Java\jdk1.8.0_121\lib\dt.jar;C:\Program Files\Java\jdk1.8.0_121\lib\tools.jar
PATH=C:\Users\Administrator\AppData\Local\Yarn\bin;C:\Program Files\Java\jdk1.8.0_121\bin;C:\Program Files\Java\jdk1.8.0_121\jre\bin;C:\Program Files (x86)\apache-tomcat-8.5.46\bin;C:\Program Files (x86)\apache-tomcat-8.5.46\lib;C:\Program Files (x86)\apache-maven-3.6.2\bin;C:\Program Files (x86)\apache-maven-3.6.2\bin;C:\WINDOWS\system32;C:\WINDOWS;C:\WINDOWS\System32\Wbem;C:\WINDOWS\System32\WindowsPowerShell\v1.0\;C:\WINDOWS\System32\OpenSSH\;C:\Program Files (x86)\apache-maven-3.6.2\bin;C:\Program Files\dotnet\;C:\Program Files\TortoiseGit\bin;;C:\Program Files (x86)\apache-tomcat-8.5.46\lib;C:\Program Files (x86)\apache-tomcat-8.5.46\bin;;D:\mysql\bin;C:\Program Files\nodejs;C:\Users\Administrator\AppData\Roaming\npm;C:\Users\Administrator\AppData\Local\Microsoft\WindowsApps;;D:\Microsoft VS Code\bin;C:\Users\Administrator\.dotnet\tools
USERNAME=Administrator
OS=Windows_NT
PROCESSOR_IDENTIFIER=Intel64 Family 6 Model 158 Stepping 11, GenuineIntel



---------------  S Y S T E M  ---------------

OS: Windows 10.0 , 64 bit Build 18362 (10.0.18362.959)

CPU:total 4 (4 cores per cpu, 1 threads per core) family 6 model 158 stepping 11, cmov, cx8, fxsr, mmx, sse, sse2, sse3, ssse3, sse4.1, sse4.2, popcnt, avx, avx2, aes, clmul, erms, 3dnowpref, lzcnt, tsc, tscinvbit, bmi1, bmi2, adx

Memory: 4k page, physical 8246744k(481776k free), swap 18659552k(0k free)

vm_info: Java HotSpot(TM) 64-Bit Server VM (25.121-b13) for windows-amd64 JRE (1.8.0_121-b13), built on Dec 12 2016 18:21:36 by "java_re" with MS VC++ 10.0 (VS2010)

time: Tue Aug 25 17:29:29 2020
elapsed time: 7 seconds (0d 0h 0m 7s)

